2024-06-25T17:59:41.2211436+05:30 [WRN] (Microsoft.EntityFrameworkCore.Infrastructure) 'AddEntityFramework*' was called on the service provider, but 'UseInternalServiceProvider' wasn't called in the DbContext options configuration. Consider removing the 'AddEntityFramework*' call, as in most cases it's not needed and may cause conflicts with other products and services registered in the same service provider.
2024-06-25T18:00:03.6429806+05:30 [WRN] (Microsoft.EntityFrameworkCore.Infrastructure) 'AddEntityFramework*' was called on the service provider, but 'UseInternalServiceProvider' wasn't called in the DbContext options configuration. Consider removing the 'AddEntityFramework*' call, as in most cases it's not needed and may cause conflicts with other products and services registered in the same service provider.
2024-06-25T18:01:45.0690151+05:30 [ERR] (Microsoft.EntityFrameworkCore.Database.Command) Failed executing DbCommand ("21"ms) [Parameters=[""], CommandType='Text', CommandTimeout='30']"
""ALTER TABLE \"Continent\" ALTER COLUMN \"IsActive\" TYPE boolean;"
2024-06-25T18:04:00.7234528+05:30 [WRN] (Microsoft.EntityFrameworkCore.Infrastructure) 'AddEntityFramework*' was called on the service provider, but 'UseInternalServiceProvider' wasn't called in the DbContext options configuration. Consider removing the 'AddEntityFramework*' call, as in most cases it's not needed and may cause conflicts with other products and services registered in the same service provider.
2024-06-25T18:04:33.4506310+05:30 [WRN] (Microsoft.EntityFrameworkCore.Infrastructure) 'AddEntityFramework*' was called on the service provider, but 'UseInternalServiceProvider' wasn't called in the DbContext options configuration. Consider removing the 'AddEntityFramework*' call, as in most cases it's not needed and may cause conflicts with other products and services registered in the same service provider.
2024-06-25T18:06:17.1222596+05:30 [ERR] (Microsoft.EntityFrameworkCore.Database.Command) Failed executing DbCommand ("16"ms) [Parameters=[""], CommandType='Text', CommandTimeout='30']"
""ALTER TABLE \"Continent\" ALTER COLUMN \"IsActive\" TYPE boolean;"
2024-06-25T18:25:45.8255620+05:30 [WRN] (Microsoft.EntityFrameworkCore.Infrastructure) 'AddEntityFramework*' was called on the service provider, but 'UseInternalServiceProvider' wasn't called in the DbContext options configuration. Consider removing the 'AddEntityFramework*' call, as in most cases it's not needed and may cause conflicts with other products and services registered in the same service provider.
2024-06-25T18:29:03.0517626+05:30 [ERR] (Microsoft.EntityFrameworkCore.Database.Command) Failed executing DbCommand ("1,712"ms) [Parameters=[""], CommandType='Text', CommandTimeout='30']"
""ALTER TABLE \"Continent\" ALTER COLUMN \"IsActive\" TYPE boolean;"
2024-06-25T18:31:14.4057504+05:30 [WRN] (Microsoft.EntityFrameworkCore.Infrastructure) 'AddEntityFramework*' was called on the service provider, but 'UseInternalServiceProvider' wasn't called in the DbContext options configuration. Consider removing the 'AddEntityFramework*' call, as in most cases it's not needed and may cause conflicts with other products and services registered in the same service provider.
2024-06-25T18:32:00.6286853+05:30 [WRN] (Microsoft.EntityFrameworkCore.Infrastructure) 'AddEntityFramework*' was called on the service provider, but 'UseInternalServiceProvider' wasn't called in the DbContext options configuration. Consider removing the 'AddEntityFramework*' call, as in most cases it's not needed and may cause conflicts with other products and services registered in the same service provider.
2024-06-25T18:32:09.2555826+05:30 [ERR] (Microsoft.EntityFrameworkCore.Database.Command) Failed executing DbCommand ("11"ms) [Parameters=[""], CommandType='Text', CommandTimeout='30']"
""CREATE TABLE \"AccReqStatus\" (
    \"Id\" integer NOT NULL,
    \"Name\" text,
    \"Description\" text,
    \"IsActive\" integer NOT NULL,
    CONSTRAINT \"PK_AccReqStatus\" PRIMARY KEY (\"Id\")
);"
2024-06-25T18:34:04.9742083+05:30 [WRN] (Microsoft.EntityFrameworkCore.Infrastructure) 'AddEntityFramework*' was called on the service provider, but 'UseInternalServiceProvider' wasn't called in the DbContext options configuration. Consider removing the 'AddEntityFramework*' call, as in most cases it's not needed and may cause conflicts with other products and services registered in the same service provider.
2024-06-25T18:40:30.5070861+05:30 [WRN] (Microsoft.EntityFrameworkCore.Infrastructure) 'AddEntityFramework*' was called on the service provider, but 'UseInternalServiceProvider' wasn't called in the DbContext options configuration. Consider removing the 'AddEntityFramework*' call, as in most cases it's not needed and may cause conflicts with other products and services registered in the same service provider.
